<?xml version="1.0" encoding="UTF-8"?>
<!-- Generated by org.testng.reporters.JUnitXMLReporter -->
<testsuite ignored="0" hostname="TYSS-Piyush-Baldaniya" failures="0" tests="3" name="Default test" time="15.426" errors="0" timestamp="2026-06-04T12:12:16 IST">
  <testcase classname="types_of_execution.LeadTest" name="createLeadTest" time="9.551"/>
  <testcase classname="types_of_execution.LeadTest" name="deleteLeadTest" time="2.921"/>
  <testcase classname="types_of_execution.LeadTest" name="modifyLeadTest" time="2.899"/>
</testsuite> <!-- Default test -->
