<?xml version="1.0" encoding="UTF-8"?>
<testng-results ignored="0" total="9" passed="9" failed="0" skipped="0">
  <reporter-output>
  </reporter-output>
  <suite started-at="2026-06-04T12:44:47 IST" name="suite" finished-at="2026-06-04T12:45:01 IST" duration-ms="13732">
    <groups>
    </groups>
    <test started-at="2026-06-04T12:44:47 IST" name="testRunner2" finished-at="2026-06-04T12:45:00 IST" duration-ms="13489">
      <class name="types_of_execution.ContactTest">
        <test-method signature="createContactTest()[pri:0, instance:types_of_execution.ContactTest@7770f470]" started-at="2026-06-04T12:44:47 IST" name="createContactTest" finished-at="2026-06-04T12:44:52 IST" duration-ms="5292" status="PASS">
          <reporter-output>
          </reporter-output>
        </test-method> <!-- createContactTest -->
        <test-method signature="deleteContactTest()[pri:0, instance:types_of_execution.ContactTest@7770f470]" started-at="2026-06-04T12:44:52 IST" name="deleteContactTest" finished-at="2026-06-04T12:44:56 IST" duration-ms="3993" status="PASS">
          <reporter-output>
          </reporter-output>
        </test-method> <!-- deleteContactTest -->
        <test-method signature="modifyContactTest()[pri:0, instance:types_of_execution.ContactTest@7770f470]" started-at="2026-06-04T12:44:56 IST" name="modifyContactTest" finished-at="2026-06-04T12:45:00 IST" duration-ms="4141" status="PASS">
          <reporter-output>
          </reporter-output>
        </test-method> <!-- modifyContactTest -->
      </class> <!-- types_of_execution.ContactTest -->
    </test> <!-- testRunner2 -->
    <test started-at="2026-06-04T12:44:47 IST" name="testRunner1" finished-at="2026-06-04T12:45:01 IST" duration-ms="13660">
      <class name="types_of_execution.OrgTest">
        <test-method signature="createOrgTest()[pri:0, instance:types_of_execution.OrgTest@6771beb3]" started-at="2026-06-04T12:44:47 IST" name="createOrgTest" finished-at="2026-06-04T12:44:52 IST" duration-ms="5312" status="PASS">
          <reporter-output>
          </reporter-output>
        </test-method> <!-- createOrgTest -->
        <test-method signature="deleteOrgTest()[pri:0, instance:types_of_execution.OrgTest@6771beb3]" started-at="2026-06-04T12:44:52 IST" name="deleteOrgTest" finished-at="2026-06-04T12:44:56 IST" duration-ms="4022" status="PASS">
          <reporter-output>
          </reporter-output>
        </test-method> <!-- deleteOrgTest -->
        <test-method signature="modifyOrgTest()[pri:0, instance:types_of_execution.OrgTest@6771beb3]" started-at="2026-06-04T12:44:56 IST" name="modifyOrgTest" finished-at="2026-06-04T12:45:01 IST" duration-ms="4266" status="PASS">
          <reporter-output>
          </reporter-output>
        </test-method> <!-- modifyOrgTest -->
      </class> <!-- types_of_execution.OrgTest -->
    </test> <!-- testRunner1 -->
    <test started-at="2026-06-04T12:44:47 IST" name="testRunner3" finished-at="2026-06-04T12:45:01 IST" duration-ms="13732">
      <class name="types_of_execution.LeadTest">
        <test-method signature="createLeadTest()[pri:0, instance:types_of_execution.LeadTest@6c40365c]" started-at="2026-06-04T12:44:47 IST" name="createLeadTest" finished-at="2026-06-04T12:44:52 IST" duration-ms="5292" status="PASS">
          <reporter-output>
          </reporter-output>
        </test-method> <!-- createLeadTest -->
        <test-method signature="deleteLeadTest()[pri:0, instance:types_of_execution.LeadTest@6c40365c]" started-at="2026-06-04T12:44:52 IST" name="deleteLeadTest" finished-at="2026-06-04T12:44:56 IST" duration-ms="4007" status="PASS">
          <reporter-output>
          </reporter-output>
        </test-method> <!-- deleteLeadTest -->
        <test-method signature="modifyLeadTest()[pri:0, instance:types_of_execution.LeadTest@6c40365c]" started-at="2026-06-04T12:44:56 IST" name="modifyLeadTest" finished-at="2026-06-04T12:45:01 IST" duration-ms="4371" status="PASS">
          <reporter-output>
          </reporter-output>
        </test-method> <!-- modifyLeadTest -->
      </class> <!-- types_of_execution.LeadTest -->
    </test> <!-- testRunner3 -->
  </suite> <!-- suite -->
</testng-results>
