<?xml version="1.0" encoding="UTF-8"?>
<!-- Generated by org.testng.reporters.JUnitReportReporter -->
<testsuite hostname="TYSS-Piyush-Baldaniya" failures="0" tests="3" name="testng_extra.SampleTest" time="6.796" errors="0" timestamp="2026-06-04T11:17:22 IST" skipped="1">
  <testcase classname="testng_extra.SampleTest" name="case3" time="3.006"/>
  <testcase classname="testng_extra.SampleTest" name="case1" time="3.790"/>
  <testcase classname="testng_extra.SampleTest" name="case2">
    <skipped/>
  </testcase> <!-- case2 -->
</testsuite> <!-- testng_extra.SampleTest -->
