<?xml version="1.0" encoding="UTF-8"?>
<!-- Generated by org.testng.reporters.JUnitReportReporter -->
<testsuite hostname="TYSS-Piyush-Baldaniya" failures="0" tests="3" name="types_of_execution.OrgTest" time="13.600" errors="0" timestamp="2026-06-04T12:45:01 IST" skipped="0">
  <testcase classname="types_of_execution.OrgTest" name="createOrgTest" time="5.312"/>
  <testcase classname="types_of_execution.OrgTest" name="modifyOrgTest" time="4.266"/>
  <testcase classname="types_of_execution.OrgTest" name="deleteOrgTest" time="4.022"/>
</testsuite> <!-- types_of_execution.OrgTest -->
