<?xml version="1.0" encoding="UTF-8"?>
<!-- Generated by org.testng.reporters.JUnitReportReporter -->
<testsuite hostname="TYSS-Piyush-Baldaniya" failures="0" tests="3" name="types_of_execution.ContactTest" time="13.426" errors="0" timestamp="2026-06-04T12:45:01 IST" skipped="0">
  <testcase classname="types_of_execution.ContactTest" name="deleteContactTest" time="3.993"/>
  <testcase classname="types_of_execution.ContactTest" name="createContactTest" time="5.292"/>
  <testcase classname="types_of_execution.ContactTest" name="modifyContactTest" time="4.141"/>
</testsuite> <!-- types_of_execution.ContactTest -->
