<?xml version="1.0" encoding="UTF-8"?>
<!-- Generated by org.testng.reporters.JUnitXMLReporter -->
<testsuite ignored="0" hostname="TYSS-Piyush-Baldaniya" failures="0" tests="3" name="testRunner3" time="13.732" errors="0" timestamp="2026-06-04T12:45:01 IST">
  <testcase classname="types_of_execution.LeadTest" name="createLeadTest" time="5.292"/>
  <testcase classname="types_of_execution.LeadTest" name="deleteLeadTest" time="4.007"/>
  <testcase classname="types_of_execution.LeadTest" name="modifyLeadTest" time="4.371"/>
</testsuite> <!-- testRunner3 -->
