<?xml version="1.0" encoding="UTF-8"?>
<!-- Generated by org.testng.reporters.JUnitXMLReporter -->
<testsuite ignored="0" hostname="TYSS-Piyush-Baldaniya" failures="0" tests="3" name="testRunner2" time="13.489" errors="0" timestamp="2026-06-04T12:45:00 IST">
  <testcase classname="types_of_execution.ContactTest" name="createContactTest" time="5.292"/>
  <testcase classname="types_of_execution.ContactTest" name="deleteContactTest" time="3.993"/>
  <testcase classname="types_of_execution.ContactTest" name="modifyContactTest" time="4.141"/>
</testsuite> <!-- testRunner2 -->
