<?xml version="1.0" encoding="UTF-8"?>
<!-- Generated by org.testng.reporters.JUnitXMLReporter -->
<testsuite ignored="0" hostname="TYSS-Piyush-Baldaniya" failures="0" tests="3" name="testRunner1" time="13.66" errors="0" timestamp="2026-06-04T12:45:01 IST">
  <testcase classname="types_of_execution.OrgTest" name="createOrgTest" time="5.312"/>
  <testcase classname="types_of_execution.OrgTest" name="deleteOrgTest" time="4.022"/>
  <testcase classname="types_of_execution.OrgTest" name="modifyOrgTest" time="4.266"/>
</testsuite> <!-- testRunner1 -->
