<?xml version="1.0" encoding="UTF-8"?>
<!-- Generated by org.testng.reporters.JUnitXMLReporter -->
<testsuite ignored="0" hostname="TYSS-Piyush-Baldaniya" failures="0" tests="9" name="test" time="28.856" errors="0" timestamp="2026-06-04T12:34:09 IST">
  <testcase classname="types_of_execution.OrgTest" name="createOrgTest" time="3.826"/>
  <testcase classname="types_of_execution.OrgTest" name="deleteOrgTest" time="3.088"/>
  <testcase classname="types_of_execution.OrgTest" name="modifyOrgTest" time="3.174"/>
  <testcase classname="types_of_execution.ContactTest" name="createContactTest" time="3.157"/>
  <testcase classname="types_of_execution.ContactTest" name="deleteContactTest" time="3.417"/>
  <testcase classname="types_of_execution.ContactTest" name="modifyContactTest" time="3.023"/>
  <testcase classname="types_of_execution.LeadTest" name="createLeadTest" time="3.032"/>
  <testcase classname="types_of_execution.LeadTest" name="deleteLeadTest" time="3.096"/>
  <testcase classname="types_of_execution.LeadTest" name="modifyLeadTest" time="2.979"/>
</testsuite> <!-- test -->
